  Zadatak 001 - Printer.cpp
c:\users\hp\desktop\private\c++\pr-iii\zadatak 001 - printer\zadatak 001 - printer\zadatak 001 - printer.cpp(279): warning C4326: return type of 'main' should be 'int' instead of 'void'
c:\users\hp\desktop\private\c++\pr-iii\zadatak 001 - printer\zadatak 001 - printer\zadatak 001 - printer.cpp(324): warning C4566: character represented by universal-character-name '\u0106' cannot be represented in the current code page (1252)
c:\users\hp\desktop\private\c++\pr-iii\zadatak 001 - printer\zadatak 001 - printer\zadatak 001 - printer.cpp(327): warning C4566: character represented by universal-character-name '\u0110' cannot be represented in the current code page (1252)
c:\users\hp\desktop\private\c++\pr-iii\zadatak 001 - printer\zadatak 001 - printer\zadatak 001 - printer.cpp(195): warning C4018: '<': signed/unsigned mismatch
  c:\users\hp\desktop\private\c++\pr-iii\zadatak 001 - printer\zadatak 001 - printer\zadatak 001 - printer.cpp(194): note: while compiling class template member function 'std::ostream &operator <<(std::ostream &,FITKolekcija<int,int> &)'
  c:\users\hp\desktop\private\c++\pr-iii\zadatak 001 - printer\zadatak 001 - printer\zadatak 001 - printer.cpp(299): note: see reference to class template instantiation 'FITKolekcija<int,int>' being compiled
c:\users\hp\desktop\private\c++\pr-iii\zadatak 001 - printer\zadatak 001 - printer\zadatak 001 - printer.cpp(159): warning C4018: '<': signed/unsigned mismatch
  c:\users\hp\desktop\private\c++\pr-iii\zadatak 001 - printer\zadatak 001 - printer\zadatak 001 - printer.cpp(155): note: while compiling class template member function 'FITKolekcija<int,int> *FITKolekcija<int,int>::GetJedinstveni(void)'
  c:\users\hp\desktop\private\c++\pr-iii\zadatak 001 - printer\zadatak 001 - printer\zadatak 001 - printer.cpp(317): note: see reference to function template instantiation 'FITKolekcija<int,int> *FITKolekcija<int,int>::GetJedinstveni(void)' being compiled
c:\users\hp\desktop\private\c++\pr-iii\zadatak 001 - printer\zadatak 001 - printer\zadatak 001 - printer.cpp(163): warning C4018: '<': signed/unsigned mismatch
c:\users\hp\desktop\private\c++\pr-iii\zadatak 001 - printer\zadatak 001 - printer\zadatak 001 - printer.cpp(138): warning C4018: '<': signed/unsigned mismatch
  c:\users\hp\desktop\private\c++\pr-iii\zadatak 001 - printer\zadatak 001 - printer\zadatak 001 - printer.cpp(137): note: while compiling class template member function 'void FITKolekcija<int,int>::Sortiraj(void)'
  c:\users\hp\desktop\private\c++\pr-iii\zadatak 001 - printer\zadatak 001 - printer\zadatak 001 - printer.cpp(309): note: see reference to function template instantiation 'void FITKolekcija<int,int>::Sortiraj(void)' being compiled
c:\users\hp\desktop\private\c++\pr-iii\zadatak 001 - printer\zadatak 001 - printer\zadatak 001 - printer.cpp(108): warning C4018: '<': signed/unsigned mismatch
  c:\users\hp\desktop\private\c++\pr-iii\zadatak 001 - printer\zadatak 001 - printer\zadatak 001 - printer.cpp(102): note: while compiling class template member function 'void FITKolekcija<int,int>::DodajNaLokaciju(T1,T2,int)'
          with
          [
              T1=int,
              T2=int
          ]
  c:\users\hp\desktop\private\c++\pr-iii\zadatak 001 - printer\zadatak 001 - printer\zadatak 001 - printer.cpp(312): note: see reference to function template instantiation 'void FITKolekcija<int,int>::DodajNaLokaciju(T1,T2,int)' being compiled
          with
          [
              T1=int,
              T2=int
          ]
c:\users\hp\desktop\private\c++\pr-iii\zadatak 001 - printer\zadatak 001 - printer\zadatak 001 - printer.cpp(115): warning C4018: '<': signed/unsigned mismatch
c:\users\hp\desktop\private\c++\pr-iii\zadatak 001 - printer\zadatak 001 - printer\zadatak 001 - printer.cpp(86): warning C4018: '<': signed/unsigned mismatch
  c:\users\hp\desktop\private\c++\pr-iii\zadatak 001 - printer\zadatak 001 - printer\zadatak 001 - printer.cpp(82): note: while compiling class template member function 'void FITKolekcija<int,int>::Dodaj(T1,T2)'
          with
          [
              T1=int,
              T2=int
          ]
  c:\users\hp\desktop\private\c++\pr-iii\zadatak 001 - printer\zadatak 001 - printer\zadatak 001 - printer.cpp(300): note: see reference to function template instantiation 'void FITKolekcija<int,int>::Dodaj(T1,T2)' being compiled
          with
          [
              T1=int,
              T2=int
          ]
  Zadatak 001 - Printer.vcxproj -> C:\Users\HP\Desktop\Private\C++\PR-III\Zadatak 001 - Printer\Debug\Zadatak 001 - Printer.exe
